<?xml version="1.0" encoding="UTF-8"?>
<testsuites name="SmokeTestSuite" time="44" tests="1" failures="0" errors="0">
   <testsuite name="SmokeTestSuite" tests="1" failures="0" errors="0" time="44" timestamp="2018-08-06 18:47:31" hostname="rayhantimursubekti - 172.18.1.85" id="Test Suites/SmokeTestSuite">
      <properties>
         <property name="deviceName" value=""/>
         <property name="devicePlatform" value=""/>
         <property name="logFolder" value="/Users/rayhantimursubekti/git/KatalonGithTest1/Reports/SmokeTestSuite/20180806_184730"/>
         <property name="logFiles" value="/Users/rayhantimursubekti/git/KatalonGithTest1/Reports/SmokeTestSuite/20180806_184730/execution0.log"/>
         <property name="attachments" value=""/>
         <property name="hostName" value="rayhantimursubekti - 172.18.1.85"/>
         <property name="os" value="Mac OS X 64bit"/>
         <property name="katalonVersion" value="5.6.0.1"/>
         <property name="browser" value="Chrome 68.0.3440.84"/>
         <property name="hostAddress" value="172.18.1.85"/>
         <property name="sessionId" value="0bb986016f93eac535a580fac2bda42c"/>
         <property name="seleniumVersion" value="3.7.1"/>
         <property name="proxyInformation" value="ProxyInformation{proxyOption=NO_PROXY, proxyServerType=HTTP, password=, proxyServerAddress=, proxyServerPort=0}"/>
         <property name="platform" value="Mac OS X"/>
      </properties>
      <testcase name="Test Cases/LoginTest1" classname="Test Cases/LoginTest1" status="PASSED">
         <system-out><![CDATA[2018-08-06 18:47:32 - [TEST_CASE][PASSED] - Test Cases/LoginTest1: Test Cases/LoginTest1

2018-08-06 18:47:32 - [TEST_STEP][PASSED] - openBrowser: Browser is opened with url: ''

2018-08-06 18:47:34 - [MESSAGE][PASSED] - Browser is opened with url: ''

2018-08-06 18:47:34 - [TEST_STEP][PASSED] - navigateToUrl: Navigate to 'https://www.facebook.com/' successfully

2018-08-06 18:47:38 - [MESSAGE][PASSED] - Navigate to 'https://www.facebook.com/' successfully

2018-08-06 18:47:38 - [TEST_STEP][PASSED] - setText: Text 'rayhanfirst@yahoo.co.id' is set on object 'Object Repository/Page_Facebook - Masuk atau Daftar/input_email'

2018-08-06 18:47:39 - [MESSAGE][PASSED] - Text 'rayhanfirst@yahoo.co.id' is set on object 'Object Repository/Page_Facebook - Masuk atau Daftar/input_email'

2018-08-06 18:47:39 - [TEST_STEP][PASSED] - setEncryptedText: Text ****** has been set on object 'Object Repository/Page_Facebook - Masuk atau Daftar/input_pass'

2018-08-06 18:47:39 - [MESSAGE][PASSED] - Text ****** has been set on object 'Object Repository/Page_Facebook - Masuk atau Daftar/input_pass'

2018-08-06 18:47:39 - [TEST_STEP][PASSED] - click: Object: 'Object Repository/Page_Facebook - Masuk atau Daftar/label_loginbutton' is clicked on

2018-08-06 18:48:16 - [MESSAGE][PASSED] - Object: 'Object Repository/Page_Facebook - Masuk atau Daftar/label_loginbutton' is clicked on

2018-08-06 18:48:16 - [TEST_STEP][PASSED] - closeBrowser: Browser is closed

2018-08-06 18:48:16 - [MESSAGE][PASSED] - Browser is closed]]></system-out>
         <system-err><![CDATA[]]></system-err>
      </testcase>
      <system-out><![CDATA[2018-08-06 18:47:31 - [TEST_SUITE][PASSED] - SmokeTestSuite: Test Cases/LoginTest1]]></system-out>
      <system-err><![CDATA[]]></system-err>
   </testsuite>
</testsuites>
